[+] Containers:
 |- [+] Container: /Game/ThirdPerson/Maps/ThirdPersonMap
 |   |- [+] ActorDescs:
 |   |   |- Guid:08F9DC56444CFFF3F13B379E81EF05BC BaseClass: NativeClass:/Script/Engine.StaticMeshActor Name:StaticMeshActor_16 Label:SM_Cube11 SpatiallyLoaded:1 Bounds:IsValid=true, Min=(X=400.000 Y=2600.000 Z=0.000), Max=(X=700.000 Y=2900.000 Z=200.000) RuntimeGrid:None EditorOnly:0 RuntimeOnly:0 HLODRelevant:1 FolderPath:Block03 FolderGuid:7B7009C345D3D6DD94D3429E1D79C034
 |   |   |- Guid:0A733B864C327F0B589EC8BBDD0265BC BaseClass: NativeClass:/Script/Engine.StaticMeshActor Name:StaticMeshActor_13 Label:SM_Cube9 SpatiallyLoaded:1 Bounds:IsValid=true, Min=(X=1800.000 Y=1401.000 Z=0.000), Max=(X=2000.000 Y=2101.000 Z=100.000) RuntimeGrid:None EditorOnly:0 RuntimeOnly:0 HLODRelevant:1 FolderPath:Block01 FolderGuid:7D23E5AE4C2A421F86AF6986D87E6D05
 |   |   |- Guid:11469D9F4CCC7A2516D35E9DB942ECD0 BaseClass: NativeClass:/Script/Engine.Actor Name:BP_FlyingCube_C_UAID_089798DAA282584701_2142443625 Label:BP_FlyingCube4 SpatiallyLoaded:1 Bounds:IsValid=true, Min=(X=1281.000 Y=641.000 Z=190.000), Max=(X=1473.000 Y=833.000 Z=382.000) RuntimeGrid:None EditorOnly:0 RuntimeOnly:0 HLODRelevant:0
 |   |   |- Guid:1A789DC8415097E9856E5DB60740F01D BaseClass: NativeClass:/Script/Engine.StaticMeshActor Name:StaticMeshActor_34 Label:SM_QuarterCylinder13 SpatiallyLoaded:1 Bounds:IsValid=true, Min=(X=2000.000 Y=500.000 Z=0.000), Max=(X=2200.000 Y=700.000 Z=475.000) RuntimeGrid:None EditorOnly:0 RuntimeOnly:0 HLODRelevant:1 FolderPath:Cylinder FolderGuid:D075E5BA49330D3EC2503D81A7CF88D1
 |   |   |- Guid:1B9598344A1F20E1A5125DA8A7E9FC0F BaseClass: NativeClass:/Script/Engine.StaticMeshActor Name:StaticMeshActor_22 Label:SM_QuarterCylinder4 SpatiallyLoaded:1 Bounds:IsValid=true, Min=(X=300.000 Y=2600.000 Z=0.000), Max=(X=400.000 Y=2700.000 Z=200.000) RuntimeGrid:None EditorOnly:0 RuntimeOnly:0 HLODRelevant:1 FolderPath:Block03 FolderGuid:7B7009C345D3D6DD94D3429E1D79C034
 |   |   |- Guid:1C0F85FF4DA270EEF24999BADF00DBEC BaseClass: NativeClass:/Script/Engine.StaticMeshActor Name:StaticMeshActor_UAID_089798DAA282754601_2083388671 Label:SM_Cube19 SpatiallyLoaded:1 Bounds:IsValid=true, Min=(X=1.000 Y=4749.000 Z=0.000), Max=(X=3751.000 Y=4849.000 Z=400.000) RuntimeGrid:None EditorOnly:0 RuntimeOnly:0 HLODRelevant:1 FolderPath:Playground FolderGuid:C73F09FC4215536B1DCE2A9E0A830C70
 |   |   |- Guid:21D06F3E450855B4D49A83B74885A561 BaseClass: NativeClass:/Script/Engine.Actor Name:BP_FlyingCube_C_UAID_089798DAA282584701_2126163623 Label:BP_FlyingCube2 SpatiallyLoaded:1 Bounds:IsValid=true, Min=(X=1279.000 Y=1112.000 Z=190.000), Max=(X=1471.000 Y=1304.000 Z=382.000) RuntimeGrid:None EditorOnly:0 RuntimeOnly:0 HLODRelevant:0
 |   |   |- Guid:24327B0B432CFBBA5A8136BA101F670F BaseClass: NativeClass:/Script/Engine.Character Name:B_MyCharacter_C_UAID_089798DAA2821A4801_1510666767 Label:B_MyCharacter SpatiallyLoaded:1 Bounds:IsValid=true, Min=(X=240.870 Y=335.721 Z=46.225), Max=(X=394.934 Y=561.398 Z=237.281) RuntimeGrid:None EditorOnly:0 RuntimeOnly:0 HLODRelevant:0
 |   |   |- Guid:26B8C3BE41021A3F42B61FA534F9181E BaseClass: NativeClass:/Script/Engine.StaticMeshActor Name:StaticMeshActor_20 Label:SM_Cube12 SpatiallyLoaded:1 Bounds:IsValid=true, Min=(X=2500.000 Y=2700.000 Z=0.000), Max=(X=2600.000 Y=2800.000 Z=200.000) RuntimeGrid:None EditorOnly:0 RuntimeOnly:0 HLODRelevant:1 FolderPath:Block02 FolderGuid:EBA23F8248252949750E43911A3A1CDD
 |   |   |- Guid:2FB58999456391D349DC0F86DAC136ED BaseClass: NativeClass:/Script/Engine.SkyLight Name:SkyLight_1 Label:SkyLight SpatiallyLoaded:0 Bounds:IsValid=true, Min=(X=0.000 Y=0.000 Z=690.000), Max=(X=0.000 Y=0.000 Z=690.000) RuntimeGrid:None EditorOnly:0 RuntimeOnly:0 HLODRelevant:0 FolderPath:Lighting FolderGuid:963EC3EB4002CCE9759E2EBA541A873A
 |   |   |- Guid:316CF2A6494ACA4C0E4180A87D36AB8F BaseClass: NativeClass:/Script/Engine.ExponentialHeightFog Name:ExponentialHeightFog_0 Label:ExponentialHeightFog SpatiallyLoaded:0 Bounds:IsValid=true, Min=(X=-5600.000 Y=-50.000 Z=-6850.000), Max=(X=-5600.000 Y=-50.000 Z=-6850.000) RuntimeGrid:None EditorOnly:0 RuntimeOnly:0 HLODRelevant:0 FolderPath:Lighting FolderGuid:963EC3EB4002CCE9759E2EBA541A873A
 |   |   |- Guid:3A00AA1C422CE54C0BDB60BAF471BFBB BaseClass: NativeClass:/Script/Engine.PlayerStart Name:PlayerStart_0 Label:PlayerStart SpatiallyLoaded:0 Bounds:IsValid=true, Min=(X=1648.731 Y=2750.731 Z=312.013), Max=(X=1751.269 Y=2853.269 Z=496.013) RuntimeGrid:None EditorOnly:0 RuntimeOnly:0 HLODRelevant:0
 |   |   |- Guid:3C2E605D4038DD7AD7389EA231BEFBB9 BaseClass: NativeClass:/Script/Engine.Actor Name:BP_FlyingCube_C_UAID_089798DAA282584701_2147276627 Label:BP_FlyingCube6 SpatiallyLoaded:1 Bounds:IsValid=true, Min=(X=1793.000 Y=643.000 Z=273.000), Max=(X=1985.000 Y=835.000 Z=465.000) RuntimeGrid:None EditorOnly:0 RuntimeOnly:0 HLODRelevant:0
 |   |   |- Guid:43815E84492231AFC407F59E3C28176B BaseClass: NativeClass:/Script/Engine.StaticMeshActor Name:StaticMeshActor_4 Label:SM_Cube6 SpatiallyLoaded:1 Bounds:IsValid=true, Min=(X=3650.000 Y=100.000 Z=0.000), Max=(X=3750.000 Y=4843.750 Z=400.000) RuntimeGrid:None EditorOnly:0 RuntimeOnly:0 HLODRelevant:1 FolderPath:Playground FolderGuid:C73F09FC4215536B1DCE2A9E0A830C70
 |   |   |- Guid:44D9547840AC1E6B8FDF15A60F444A4C BaseClass: NativeClass:/Script/Engine.StaticMeshActor Name:StaticMeshActor_UAID_089798DAA282964301_1823847315 Label:SM_Cube16 SpatiallyLoaded:1 Bounds:IsValid=true, Min=(X=1124.250 Y=2214.000 Z=0.000), Max=(X=1768.000 Y=2245.250 Z=287.500) RuntimeGrid:None EditorOnly:0 RuntimeOnly:0 HLODRelevant:1 FolderPath:Block01 FolderGuid:7D23E5AE4C2A421F86AF6986D87E6D05
 |   |   |- Guid:4D3BE93F4146AAAC8BBE79999D96D57F BaseClass: NativeClass:/Script/Engine.VolumetricCloud Name:VolumetricCloud_0 Label:VolumetricCloud SpatiallyLoaded:0 Bounds:IsValid=true, Min=(X=0.000 Y=0.000 Z=820.000), Max=(X=0.000 Y=0.000 Z=820.000) RuntimeGrid:None EditorOnly:0 RuntimeOnly:0 HLODRelevant:0 FolderPath:Lighting FolderGuid:963EC3EB4002CCE9759E2EBA541A873A
 |   |   |- Guid:5035C67348BB4F34A44CD48B29C50E71 BaseClass: NativeClass:/Script/Engine.Actor Name:BP_ItemHpPotion_C_UAID_089798DAA282464501_1603534344 Label:BP_ItemHpPotion3 SpatiallyLoaded:1 Bounds:IsValid=true, Min=(X=3022.163 Y=2645.163 Z=-202.837), Max=(X=3221.837 Y=3100.837 Z=252.837) RuntimeGrid:None EditorOnly:0 RuntimeOnly:0 HLODRelevant:0
 |   |   |- Guid:5307A816422FAFAF14A75793F1D51666 BaseClass: NativeClass:/Script/Engine.Actor Name:BP_ItemHatchet_C_UAID_089798DAA282354501_1096432351 Label:BP_ItemHatchet SpatiallyLoaded:1 Bounds:IsValid=true, Min=(X=2553.125 Y=2426.125 Z=-90.875), Max=(X=2752.875 Y=2625.875 Z=108.875) RuntimeGrid:None EditorOnly:0 RuntimeOnly:0 HLODRelevant:0
 |   |   |- Guid:59CE89D047C75FBE41189BA8ABD2CA2A BaseClass: NativeClass:/Script/Engine.StaticMeshActor Name:StaticMeshActor_18 Label:SM_QuarterCylinder SpatiallyLoaded:1 Bounds:IsValid=true, Min=(X=2500.000 Y=2800.000 Z=0.000), Max=(X=2600.000 Y=2900.000 Z=200.000) RuntimeGrid:None EditorOnly:0 RuntimeOnly:0 HLODRelevant:1 FolderPath:Block02 FolderGuid:EBA23F8248252949750E43911A3A1CDD
 |   |   |- Guid:5B97F4A64FB21F77EFC44386BF705B4C BaseClass: NativeClass:/Script/Engine.TextRenderActor Name:TextRenderActor_1 Label:TextRenderActor SpatiallyLoaded:1 Bounds:IsValid=true, Min=(X=-0.100 Y=1100.000 Z=65.013), Max=(X=-0.100 Y=2392.308 Z=215.013) RuntimeGrid:None EditorOnly:0 RuntimeOnly:0 HLODRelevant:0
 |   |   |- Guid:5E4DB4154690C8B4EB14EAA9E92FAAFF BaseClass: NativeClass:/Script/Engine.StaticMeshActor Name:StaticMeshActor_33 Label:SM_QuarterCylinder12 SpatiallyLoaded:1 Bounds:IsValid=true, Min=(X=2001.000 Y=700.000 Z=0.000), Max=(X=2201.000 Y=900.000 Z=475.000) RuntimeGrid:None EditorOnly:0 RuntimeOnly:0 HLODRelevant:1 FolderPath:Cylinder FolderGuid:D075E5BA49330D3EC2503D81A7CF88D1
 |   |   |- Guid:60E8112C41216C16999D05AC401CE6CA BaseClass: NativeClass:/Script/Engine.Actor Name:BP_ItemBook_C_UAID_089798DAA282344501_1338328175 Label:BP_ItemBook SpatiallyLoaded:1 Bounds:IsValid=true, Min=(X=2220.600 Y=2285.600 Z=-68.400), Max=(X=2421.400 Y=2486.400 Z=132.400) RuntimeGrid:None EditorOnly:0 RuntimeOnly:0 HLODRelevant:0
 |   |   |- Guid:6248C65E443E418D012B0DBBC40C7635 BaseClass: NativeClass:/Script/Engine.Actor Name:BP_HitActor_C_UAID_089798DAA2822E4501_1908775119 Label:BP_HitActor2 SpatiallyLoaded:1 Bounds:IsValid=true, Min=(X=2663.870 Y=1566.000 Z=-28.841), Max=(X=2923.000 Y=1861.500 Z=229.551) RuntimeGrid:None EditorOnly:0 RuntimeOnly:0 HLODRelevant:0
 |   |   |- Guid:663AC4864B1D4F4E173BF48E119255FC BaseClass: NativeClass:/Script/Engine.Actor Name:BP_SoccerBall_C_UAID_089798DAA282A64301_2075226129 Label:BP_SoccerBall SpatiallyLoaded:1 Bounds:IsValid=true, Min=(X=3211.235 Y=608.326 Z=189.244), Max=(X=3288.765 Y=685.674 Z=266.756) RuntimeGrid:None EditorOnly:0 RuntimeOnly:0 HLODRelevant:0
 |   |   |- Guid:6700F8264B220059AB2F558A60723FD0 BaseClass: NativeClass:/Script/Engine.Actor Name:BP_HatPickUp_C_UAID_089798DAA2822F4501_1215229296 Label:BP_HatPickUp2 SpatiallyLoaded:1 Bounds:IsValid=true, Min=(X=2661.000 Y=2050.000 Z=-16.000), Max=(X=2861.000 Y=2250.000 Z=184.000) RuntimeGrid:None EditorOnly:0 RuntimeOnly:0 HLODRelevant:0
 |   |   |- Guid:69A88A064F8A964C393C168472DA88FD BaseClass: NativeClass:/Script/Engine.Actor Name:BP_SoccerGoal_C_UAID_089798DAA282164301_1489002784 Label:BP_SoccerGoal SpatiallyLoaded:1 Bounds:IsValid=true, Min=(X=3053.573 Y=226.437 Z=-11.220), Max=(X=3450.427 Y=444.786 Z=226.562) RuntimeGrid:None EditorOnly:0 RuntimeOnly:0 HLODRelevant:0
 |   |   |- Guid:6BAF4DDD444C60371492D3919DB42C97 BaseClass: NativeClass:/Script/Engine.WorldDataLayers Name:WorldDataLayers Label:None SpatiallyLoaded:0 Bounds:IsValid=true, Min=(X=0.000 Y=0.000 Z=0.000), Max=(X=0.000 Y=0.000 Z=0.000) RuntimeGrid:None EditorOnly:0 RuntimeOnly:0 HLODRelevant:0
 |   |   |- Guid:745A095B4BA4E157E4537FA63F5B7B43 BaseClass: NativeClass:/Script/Engine.StaticMeshActor Name:StaticMeshActor_2 Label:SM_ChamferCube SpatiallyLoaded:1 Bounds:IsValid=true, Min=(X=958.000 Y=2000.000 Z=0.013), Max=(X=1058.000 Y=2100.000 Z=100.013) RuntimeGrid:None EditorOnly:0 RuntimeOnly:0 HLODRelevant:0
 |   |   |- Guid:7587444F4FB13B9B9CD114BBE7885340 BaseClass: NativeClass:/Script/Engine.StaticMeshActor Name:StaticMeshActor_19 Label:SM_QuarterCylinder2 SpatiallyLoaded:1 Bounds:IsValid=true, Min=(X=2500.000 Y=2600.000 Z=0.000), Max=(X=2600.000 Y=2700.000 Z=200.000) RuntimeGrid:None EditorOnly:0 RuntimeOnly:0 HLODRelevant:1 FolderPath:Block02 FolderGuid:EBA23F8248252949750E43911A3A1CDD
 |   |   |- Guid:79C9B0C246824948C2428ABA13657451 BaseClass: NativeClass:/Script/Engine.StaticMeshActor Name:StaticMeshActor_25 Label:SM_QuarterCylinder6 SpatiallyLoaded:1 Bounds:IsValid=true, Min=(X=1200.000 Y=2238.000 Z=0.000), Max=(X=1300.000 Y=2338.000 Z=287.500) RuntimeGrid:None EditorOnly:0 RuntimeOnly:0 HLODRelevant:1 FolderPath:Block01 FolderGuid:7D23E5AE4C2A421F86AF6986D87E6D05
 |   |   |- Guid:7A8E6DA3498CFE106A095A8B02A4F31A BaseClass: NativeClass:/Script/Engine.Actor Name:BP_HealBox_C_UAID_089798DAA282064301_1499792967 Label:BP_HealBox SpatiallyLoaded:1 Bounds:IsValid=true, Min=(X=160.000 Y=868.000 Z=10.000), Max=(X=384.000 Y=1092.000 Z=234.000) RuntimeGrid:None EditorOnly:0 RuntimeOnly:0 HLODRelevant:0
 |   |   |- Guid:7C172A0740B33B6D38EEF38A63E0B945 BaseClass: NativeClass:/Script/Engine.StaticMeshActor Name:StaticMeshActor_3 Label:SM_Ramp SpatiallyLoaded:1 Bounds:IsValid=true, Min=(X=1300.000 Y=600.000 Z=0.000), Max=(X=1700.000 Y=800.000 Z=30.000) RuntimeGrid:None EditorOnly:0 RuntimeOnly:0 HLODRelevant:1
 |   |   |- Guid:81D068B0470C8349376AF8A0C7ED2FFF BaseClass: NativeClass:/Script/Engine.StaticMeshActor Name:StaticMeshActor_UAID_089798DAA282964301_1803941313 Label:SM_Cube14 SpatiallyLoaded:1 Bounds:IsValid=true, Min=(X=1766.000 Y=1602.000 Z=0.000), Max=(X=1797.250 Y=2245.750 Z=287.500) RuntimeGrid:None EditorOnly:0 RuntimeOnly:0 HLODRelevant:1 FolderPath:Block01 FolderGuid:7D23E5AE4C2A421F86AF6986D87E6D05
 |   |   |- Guid:8487884846F54E024615B1BD9FAC26C2 BaseClass: NativeClass:/Script/Engine.StaticMeshActor Name:StaticMeshActor_UAID_089798DAA282964301_1917291317 Label:SM_Cube18 SpatiallyLoaded:1 Bounds:IsValid=true, Min=(X=1124.250 Y=1604.000 Z=262.750), Max=(X=1768.000 Y=2247.750 Z=294.000) RuntimeGrid:None EditorOnly:0 RuntimeOnly:0 HLODRelevant:1 FolderPath:Block01 FolderGuid:7D23E5AE4C2A421F86AF6986D87E6D05
 |   |   |- Guid:8D16D1EC45FF79B0ABDB69981AFE94D9 BaseClass: NativeClass:/Script/Engine.Actor Name:BP_FlyingCube_C_UAID_089798DAA282584701_2144619626 Label:BP_FlyingCube5 SpatiallyLoaded:1 Bounds:IsValid=true, Min=(X=1537.000 Y=642.000 Z=230.000), Max=(X=1729.000 Y=834.000 Z=422.000) RuntimeGrid:None EditorOnly:0 RuntimeOnly:0 HLODRelevant:0
 |   |   |- Guid:94F6D9A645798F5BAD0B58BEED8F27F5 BaseClass: NativeClass:/Script/Engine.StaticMeshActor Name:StaticMeshActor_32 Label:SM_QuarterCylinder11 SpatiallyLoaded:1 Bounds:IsValid=true, Min=(X=2201.000 Y=700.000 Z=-0.000), Max=(X=2401.000 Y=900.000 Z=475.000) RuntimeGrid:None EditorOnly:0 RuntimeOnly:0 HLODRelevant:1 FolderPath:Cylinder FolderGuid:D075E5BA49330D3EC2503D81A7CF88D1
 |   |   |- Guid:950F6BE049053AB5E3B46AA05828544E BaseClass: NativeClass:/Script/Engine.Actor Name:BP_ItemHpPotion_C_UAID_089798DAA282464501_1604745345 Label:BP_ItemHpPotion4 SpatiallyLoaded:1 Bounds:IsValid=true, Min=(X=3089.163 Y=2803.163 Z=-202.837), Max=(X=3288.837 Y=3258.837 Z=252.837) RuntimeGrid:None EditorOnly:0 RuntimeOnly:0 HLODRelevant:0
 |   |   |- Guid:961864A84FF6F65B68F2A3BE5819D538 BaseClass: NativeClass:/Script/Engine.StaticMeshActor Name:StaticMeshActor_8 Label:SM_Cube4 SpatiallyLoaded:1 Bounds:IsValid=true, Min=(X=1125.000 Y=1726.000 Z=0.000), Max=(X=1156.250 Y=2226.000 Z=287.500) RuntimeGrid:None EditorOnly:0 RuntimeOnly:0 HLODRelevant:1 FolderPath:Block01 FolderGuid:7D23E5AE4C2A421F86AF6986D87E6D05
 |   |   |- Guid:9765ECF54858C165188C95B28D88016B BaseClass: NativeClass:/Script/Engine.StaticMeshActor Name:StaticMeshActor_12 Label:SM_Cube8 SpatiallyLoaded:1 Bounds:IsValid=true, Min=(X=1300.000 Y=2600.000 Z=0.000), Max=(X=2500.000 Y=2900.000 Z=200.000) RuntimeGrid:None EditorOnly:0 RuntimeOnly:0 HLODRelevant:1 FolderPath:Block02 FolderGuid:EBA23F8248252949750E43911A3A1CDD
 |   |   |- Guid:9955ECCB4E8604766035B7AA50711BF4 BaseClass: NativeClass:/Script/Engine.Actor Name:BP_ItemMaster_C_UAID_089798DAA282324501_2143727825 Label:BP_ItemMaster SpatiallyLoaded:1 Bounds:IsValid=true, Min=(X=2185.051 Y=2031.051 Z=-55.949), Max=(X=2456.949 Y=2302.949 Z=215.949) RuntimeGrid:None EditorOnly:0 RuntimeOnly:0 HLODRelevant:0
 |   |   |- Guid:9BFF363746062F457E2F92A4631DBA20 BaseClass: NativeClass:/Script/Engine.StaticMeshActor Name:StaticMeshActor_11 Label:SM_ChamferCube3 SpatiallyLoaded:1 Bounds:IsValid=true, Min=(X=481.699 Y=2271.699 Z=0.013), Max=(X=618.301 Y=2408.301 Z=100.013) RuntimeGrid:None EditorOnly:0 RuntimeOnly:0 HLODRelevant:0
 |   |   |- Guid:A56216954B2165CF0F35A886B537D536 BaseClass: NativeClass:/Script/Engine.StaticMeshActor Name:StaticMeshActor_0 Label:SM_Cube5 SpatiallyLoaded:1 Bounds:IsValid=true, Min=(X=-0.000 Y=100.000 Z=0.000), Max=(X=100.000 Y=4850.000 Z=400.000) RuntimeGrid:None EditorOnly:0 RuntimeOnly:0 HLODRelevant:1 FolderPath:Playground FolderGuid:C73F09FC4215536B1DCE2A9E0A830C70
 |   |   |- Guid:A59F7D5A4BA068B085D4C48D0EE2CD6E BaseClass: NativeClass:/Script/Engine.StaticMeshActor Name:StaticMeshActor_UAID_089798DAA282754601_2100094672 Label:SM_Cube20 SpatiallyLoaded:1 Bounds:IsValid=true, Min=(X=1957.000 Y=3400.000 Z=0.000), Max=(X=3732.000 Y=3500.000 Z=400.000) RuntimeGrid:None EditorOnly:0 RuntimeOnly:0 HLODRelevant:1 FolderPath:Playground FolderGuid:C73F09FC4215536B1DCE2A9E0A830C70
 |   |   |- Guid:AB74120142217676C6EC818E6B49412B BaseClass: NativeClass:/Script/Engine.StaticMeshActor Name:StaticMeshActor_15 Label:SM_Cube10 SpatiallyLoaded:1 Bounds:IsValid=true, Min=(X=1800.000 Y=2001.000 Z=100.000), Max=(X=2000.000 Y=2101.000 Z=200.000) RuntimeGrid:None EditorOnly:0 RuntimeOnly:0 HLODRelevant:1 FolderPath:Block01 FolderGuid:7D23E5AE4C2A421F86AF6986D87E6D05
 |   |   |- Guid:B0970AD040D5D6B8C621DB917CD65735 BaseClass: NativeClass:/Script/Engine.Actor Name:BP_HitActor_C_UAID_089798DAA2823B4401_1198074351 Label:BP_HitActor SpatiallyLoaded:1 Bounds:IsValid=true, Min=(X=3142.870 Y=1565.000 Z=-28.841), Max=(X=3402.000 Y=1860.500 Z=229.551) RuntimeGrid:None EditorOnly:0 RuntimeOnly:0 HLODRelevant:0
 |   |   |- Guid:B281947940010A97C298E5AC0B340F12 BaseClass: NativeClass:/Script/Engine.Actor Name:BP_FlyingCube_C_UAID_089798DAA282F04301_1997884152 Label:BP_FlyingCube SpatiallyLoaded:1 Bounds:IsValid=true, Min=(X=1249.765 Y=1347.000 Z=173.649), Max=(X=1472.188 Y=1539.000 Z=396.072) RuntimeGrid:None EditorOnly:0 RuntimeOnly:0 HLODRelevant:0
 |   |   |- Guid:B31FFEC8413F27F173F182A30A4FA19D BaseClass: NativeClass:/Script/Engine.Actor Name:BP_HatPickUp_C_UAID_089798DAA282F54201_2107201976 Label:BP_HatPickUp SpatiallyLoaded:1 Bounds:IsValid=true, Min=(X=856.000 Y=979.000 Z=24.000), Max=(X=1056.000 Y=1179.000 Z=224.000) RuntimeGrid:None EditorOnly:0 RuntimeOnly:0 HLODRelevant:0
 |   |   |- Guid:B51DBF80439CD643524C5D863A721307 BaseClass: NativeClass:/Script/Engine.Actor Name:BP_FlyingCube_C_UAID_089798DAA282584701_2138961624 Label:BP_FlyingCube3 SpatiallyLoaded:1 Bounds:IsValid=true, Min=(X=1280.000 Y=873.000 Z=190.000), Max=(X=1472.000 Y=1065.000 Z=382.000) RuntimeGrid:None EditorOnly:0 RuntimeOnly:0 HLODRelevant:0
 |   |   |- Guid:B785ED2844B84CFB91E7F39FE661CD99 BaseClass: NativeClass:/Script/Engine.DirectionalLight Name:DirectionalLight_0 Label:DirectionalLight SpatiallyLoaded:0 Bounds:IsValid=true, Min=(X=-1048576.000 Y=-1048576.000 Z=-1048576.000), Max=(X=1048576.000 Y=1048576.000 Z=1048576.000) RuntimeGrid:None EditorOnly:0 RuntimeOnly:0 HLODRelevant:0 FolderPath:Lighting FolderGuid:963EC3EB4002CCE9759E2EBA541A873A
 |   |   |- Guid:BC08B79C4EA3C961CFF75EBBE83B367D BaseClass: NativeClass:/Script/Engine.StaticMeshActor Name:StaticMeshActor_5 Label:SM_Cube2 SpatiallyLoaded:1 Bounds:IsValid=true, Min=(X=0.000 Y=0.000 Z=0.000), Max=(X=3750.000 Y=100.000 Z=400.000) RuntimeGrid:None EditorOnly:0 RuntimeOnly:0 HLODRelevant:1 FolderPath:Playground FolderGuid:C73F09FC4215536B1DCE2A9E0A830C70
 |   |   |- Guid:BECDCF5B484FFE3CBEF3BA9EDCEC0A41 BaseClass: NativeClass:/Script/Engine.StaticMeshActor Name:StaticMeshActor_UAID_089798DAA282964301_1815561314 Label:SM_Cube15 SpatiallyLoaded:1 Bounds:IsValid=true, Min=(X=1123.250 Y=1603.000 Z=0.000), Max=(X=1767.000 Y=1634.250 Z=287.500) RuntimeGrid:None EditorOnly:0 RuntimeOnly:0 HLODRelevant:1 FolderPath:Block01 FolderGuid:7D23E5AE4C2A421F86AF6986D87E6D05
 |   |   |- Guid:C099086048C15396A78528AA377DD270 BaseClass: NativeClass:/Script/Engine.Actor Name:BP_OpenDorWAll_C_UAID_089798DAA282764601_1728038848 Label:BP_OpenDorWAll SpatiallyLoaded:1 Bounds:IsValid=true, Min=(X=1742.946 Y=3408.532 Z=-12.035), Max=(X=1967.196 Y=3488.782 Z=445.277) RuntimeGrid:None EditorOnly:0 RuntimeOnly:0 HLODRelevant:0
 |   |   |- Guid:C15C2C8D4EA4ADE0BD1349AFD814988B BaseClass: NativeClass:/Script/Engine.StaticMeshActor Name:StaticMeshActor_14 Label:SM_Ramp3 SpatiallyLoaded:1 Bounds:IsValid=true, Min=(X=1800.000 Y=1600.000 Z=100.000), Max=(X=2000.000 Y=2100.000 Z=287.500) RuntimeGrid:None EditorOnly:0 RuntimeOnly:0 HLODRelevant:1 FolderPath:Block01 FolderGuid:7D23E5AE4C2A421F86AF6986D87E6D05
 |   |   |- Guid:C81E660443F31EEE1E857FBF0F701AD9 BaseClass: NativeClass:/Script/Engine.Actor Name:BP_DamageBox_C_UAID_089798DAA282F74201_1697865329 Label:BP_DamageBox SpatiallyLoaded:1 Bounds:IsValid=true, Min=(X=3260.000 Y=2281.000 Z=-75.000), Max=(X=3436.000 Y=2457.000 Z=101.000) RuntimeGrid:None EditorOnly:0 RuntimeOnly:0 HLODRelevant:0
 |   |   |- Guid:CCFF262C46EEFFDF319E7F9539CE697E BaseClass: NativeClass:/Script/Engine.SkyAtmosphere Name:SkyAtmosphere_0 Label:SkyAtmosphere SpatiallyLoaded:0 Bounds:IsValid=true, Min=(X=0.000 Y=0.000 Z=1020.000), Max=(X=0.000 Y=0.000 Z=1020.000) RuntimeGrid:None EditorOnly:0 RuntimeOnly:0 HLODRelevant:0 FolderPath:Lighting FolderGuid:963EC3EB4002CCE9759E2EBA541A873A
 |   |   |- Guid:D793CB67459FCD00286C5992ED5DF222 BaseClass: NativeClass:/Script/Engine.StaticMeshActor Name:StaticMeshActor_UAID_089798DAA2823D4401_1392135704 Label:Cube SpatiallyLoaded:1 Bounds:IsValid=true, Min=(X=1268.000 Y=1344.000 Z=411.000), Max=(X=1368.000 Y=1444.000 Z=511.000) RuntimeGrid:None EditorOnly:0 RuntimeOnly:0 HLODRelevant:1
 |   |   |- Guid:D808B7D74E259E59914721A1829C819F BaseClass: NativeClass:/Script/Engine.Actor Name:BP_Door_C_UAID_089798DAA282F24201_1737464447 Label:BP_Door SpatiallyLoaded:1 Bounds:IsValid=true, Min=(X=1000.406 Y=1606.450 Z=0.000), Max=(X=1240.406 Y=1750.450 Z=213.000) RuntimeGrid:None EditorOnly:0 RuntimeOnly:0 HLODRelevant:0
 |   |   |- Guid:DBC730174A7F51D9E14433AEF0C30A39 BaseClass: NativeClass:/Script/Engine.StaticMeshActor Name:StaticMeshActor_24 Label:SM_Cube13 SpatiallyLoaded:1 Bounds:IsValid=true, Min=(X=300.000 Y=2700.000 Z=0.000), Max=(X=400.000 Y=2800.000 Z=200.000) RuntimeGrid:None EditorOnly:0 RuntimeOnly:0 HLODRelevant:1 FolderPath:Block03 FolderGuid:7B7009C345D3D6DD94D3429E1D79C034
 |   |   |- Guid:DE3A079B4635A6D8D620CCBC6C0BB1C0 BaseClass: NativeClass:/Script/Engine.StaticMeshActor Name:StaticMeshActor_35 Label:SM_QuarterCylinder14 SpatiallyLoaded:1 Bounds:IsValid=true, Min=(X=2200.000 Y=500.000 Z=0.000), Max=(X=2400.000 Y=700.000 Z=475.000) RuntimeGrid:None EditorOnly:0 RuntimeOnly:0 HLODRelevant:1 FolderPath:Cylinder FolderGuid:D075E5BA49330D3EC2503D81A7CF88D1
 |   |   |- Guid:E73E39994140315EB81324BF0A5D6400 BaseClass: NativeClass:/Script/Engine.StaticMeshActor Name:StaticMeshActor_10 Label:SM_ChamferCube2 SpatiallyLoaded:1 Bounds:IsValid=true, Min=(X=992.077 Y=2692.077 Z=0.013), Max=(X=1107.923 Y=2807.923 Z=100.013) RuntimeGrid:None EditorOnly:0 RuntimeOnly:0 HLODRelevant:0
 |   |   |- Guid:E864EE5542C27D6674BEBB9312F02BB4 BaseClass: NativeClass:/Script/Engine.StaticMeshActor Name:StaticMeshActor_23 Label:SM_QuarterCylinder5 SpatiallyLoaded:1 Bounds:IsValid=true, Min=(X=300.000 Y=2800.000 Z=0.000), Max=(X=400.000 Y=2900.000 Z=200.000) RuntimeGrid:None EditorOnly:0 RuntimeOnly:0 HLODRelevant:1 FolderPath:Block03 FolderGuid:7B7009C345D3D6DD94D3429E1D79C034
 |   |   |- Guid:EC4E0C944CE6AC6E784BC6BB2916EA13 BaseClass: NativeClass:/Script/Engine.StaticMeshActor Name:StaticMeshActor_UAID_A4AE111137DC5EFB00_1110535423 Label:SM_SkySphere SpatiallyLoaded:1 Bounds:IsValid=true, Min=(X=-1638400.000 Y=-1638400.000 Z=-1638400.000), Max=(X=1638400.000 Y=1638400.000 Z=1638400.000) RuntimeGrid:None EditorOnly:0 RuntimeOnly:0 HLODRelevant:1 FolderPath:Lighting FolderGuid:963EC3EB4002CCE9759E2EBA541A873A
 |   |   |- Guid:EDAA34A64E50B17535C2EB826C12557D BaseClass: NativeClass:/Script/Engine.StaticMeshActor Name:StaticMeshActor_9 Label:SM_Ramp2 SpatiallyLoaded:1 Bounds:IsValid=true, Min=(X=1400.000 Y=1401.000 Z=0.000), Max=(X=1800.000 Y=1601.000 Z=100.000) RuntimeGrid:None EditorOnly:0 RuntimeOnly:0 HLODRelevant:1 FolderPath:Block01 FolderGuid:7D23E5AE4C2A421F86AF6986D87E6D05
 |   |   |- Guid:F1924B8D48954B30891B2DB6A694F9CC BaseClass: NativeClass:/Script/Engine.StaticMeshActor Name:StaticMeshActor_1 Label:SM_Cube SpatiallyLoaded:1 Bounds:IsValid=true, Min=(X=0.000 Y=0.000 Z=-50.000), Max=(X=3750.000 Y=4850.000 Z=0.000) RuntimeGrid:None EditorOnly:0 RuntimeOnly:0 HLODRelevant:1 FolderPath:Playground FolderGuid:C73F09FC4215536B1DCE2A9E0A830C70
 |   |   |- Guid:F4AAA1CA4D204EB96E54F5BD1EB46A62 BaseClass: NativeClass:/Script/Engine.StaticMeshActor Name:StaticMeshActor_7 Label:SM_Cube7 SpatiallyLoaded:1 Bounds:IsValid=true, Min=(X=1300.000 Y=2238.000 Z=0.000), Max=(X=1500.000 Y=2338.000 Z=287.500) RuntimeGrid:None EditorOnly:0 RuntimeOnly:0 HLODRelevant:1 FolderPath:Block01 FolderGuid:7D23E5AE4C2A421F86AF6986D87E6D05
 |   |   |- Guid:F53AD04043BCB9F81722658365DC165D BaseClass: NativeClass:/Script/Engine.StaticMeshActor Name:StaticMeshActor_UAID_089798DAA282964301_1873959316 Label:SM_Cube17 SpatiallyLoaded:1 Bounds:IsValid=true, Min=(X=1130.000 Y=1626.000 Z=206.000), Max=(X=1161.250 Y=1732.250 Z=281.000) RuntimeGrid:None EditorOnly:0 RuntimeOnly:0 HLODRelevant:1 FolderPath:Block01 FolderGuid:7D23E5AE4C2A421F86AF6986D87E6D05
 |   |   |- Guid:F5E3FEB3450C49844FD93DA8E083C8AD BaseClass: NativeClass:/Script/Engine.PostProcessVolume Name:PostProcessVolume_0 Label:PostProcessVolume SpatiallyLoaded:0 Bounds:IsValid=true, Min=(X=0.000 Y=0.000 Z=400.000), Max=(X=200.000 Y=200.000 Z=600.000) RuntimeGrid:None EditorOnly:0 RuntimeOnly:0 HLODRelevant:0 FolderPath:Lighting FolderGuid:963EC3EB4002CCE9759E2EBA541A873A
 |   |   |- Guid:F703AD214DE20FBE9DA411817BF79E0A BaseClass: NativeClass:/Script/Engine.StaticMeshActor Name:StaticMeshActor_21 Label:SM_QuarterCylinder3 SpatiallyLoaded:1 Bounds:IsValid=true, Min=(X=1500.000 Y=2238.000 Z=0.000), Max=(X=1600.000 Y=2338.000 Z=287.500) RuntimeGrid:None EditorOnly:0 RuntimeOnly:0 HLODRelevant:1 FolderPath:Block01 FolderGuid:7D23E5AE4C2A421F86AF6986D87E6D05
 |   |   |- Guid:FBA3B77342CA3292241A2298A4AD2070 BaseClass: NativeClass:/Script/Engine.Actor Name:BP_ItemHpPotion_C_UAID_089798DAA282354501_1334800352 Label:BP_ItemHpPotion SpatiallyLoaded:1 Bounds:IsValid=true, Min=(X=2777.163 Y=2284.163 Z=-202.837), Max=(X=2976.837 Y=2739.837 Z=252.837) RuntimeGrid:None EditorOnly:0 RuntimeOnly:0 HLODRelevant:0
 |   |   |- Guid:FF698C67459ADB4982D7759C0905EE9F BaseClass: NativeClass:/Script/Engine.StaticMeshActor Name:StaticMeshActor_6 Label:SM_Cube3 SpatiallyLoaded:1 Bounds:IsValid=true, Min=(X=-17.000 Y=3400.000 Z=0.000), Max=(X=1758.000 Y=3500.000 Z=400.000) RuntimeGrid:None EditorOnly:0 RuntimeOnly:0 HLODRelevant:1 FolderPath:Playground FolderGuid:C73F09FC4215536B1DCE2A9E0A830C70
 |   |   |- Guid:FFFEAC9947891E479E2B55B743933FBF BaseClass: NativeClass:/Script/Engine.Actor Name:BP_ItemHpPotion_C_UAID_089798DAA282464501_1601953343 Label:BP_ItemHpPotion2 SpatiallyLoaded:1 Bounds:IsValid=true, Min=(X=2778.163 Y=2670.163 Z=-202.837), Max=(X=2977.837 Y=3125.837 Z=252.837) RuntimeGrid:None EditorOnly:0 RuntimeOnly:0 HLODRelevant:0
 |   |- [+] Clusters:
 |   |   |- [+] [  0]
 |   |   |   |- Guid:5035C67348BB4F34A44CD48B29C50E71 BaseClass: NativeClass:/Script/Engine.Actor Name:BP_ItemHpPotion_C_UAID_089798DAA282464501_1603534344 Label:BP_ItemHpPotion3 SpatiallyLoaded:1 Bounds:IsValid=true, Min=(X=3022.163 Y=2645.163 Z=-202.837), Max=(X=3221.837 Y=3100.837 Z=252.837) RuntimeGrid:None EditorOnly:0 RuntimeOnly:0 HLODRelevant:0
 |   |   |- [+] [  1]
 |   |   |   |- Guid:6BAF4DDD444C60371492D3919DB42C97 BaseClass: NativeClass:/Script/Engine.WorldDataLayers Name:WorldDataLayers Label:None SpatiallyLoaded:0 Bounds:IsValid=true, Min=(X=0.000 Y=0.000 Z=0.000), Max=(X=0.000 Y=0.000 Z=0.000) RuntimeGrid:None EditorOnly:0 RuntimeOnly:0 HLODRelevant:0
 |   |   |- [+] [  2]
 |   |   |   |- Guid:59CE89D047C75FBE41189BA8ABD2CA2A BaseClass: NativeClass:/Script/Engine.StaticMeshActor Name:StaticMeshActor_18 Label:SM_QuarterCylinder SpatiallyLoaded:1 Bounds:IsValid=true, Min=(X=2500.000 Y=2800.000 Z=0.000), Max=(X=2600.000 Y=2900.000 Z=200.000) RuntimeGrid:None EditorOnly:0 RuntimeOnly:0 HLODRelevant:1 FolderPath:Block02 FolderGuid:EBA23F8248252949750E43911A3A1CDD
 |   |   |- [+] [  3]
 |   |   |   |- Guid:9955ECCB4E8604766035B7AA50711BF4 BaseClass: NativeClass:/Script/Engine.Actor Name:BP_ItemMaster_C_UAID_089798DAA282324501_2143727825 Label:BP_ItemMaster SpatiallyLoaded:1 Bounds:IsValid=true, Min=(X=2185.051 Y=2031.051 Z=-55.949), Max=(X=2456.949 Y=2302.949 Z=215.949) RuntimeGrid:None EditorOnly:0 RuntimeOnly:0 HLODRelevant:0
 |   |   |- [+] [  4]
 |   |   |   |- Guid:BECDCF5B484FFE3CBEF3BA9EDCEC0A41 BaseClass: NativeClass:/Script/Engine.StaticMeshActor Name:StaticMeshActor_UAID_089798DAA282964301_1815561314 Label:SM_Cube15 SpatiallyLoaded:1 Bounds:IsValid=true, Min=(X=1123.250 Y=1603.000 Z=0.000), Max=(X=1767.000 Y=1634.250 Z=287.500) RuntimeGrid:None EditorOnly:0 RuntimeOnly:0 HLODRelevant:1 FolderPath:Block01 FolderGuid:7D23E5AE4C2A421F86AF6986D87E6D05
 |   |   |- [+] [  5]
 |   |   |   |- Guid:F53AD04043BCB9F81722658365DC165D BaseClass: NativeClass:/Script/Engine.StaticMeshActor Name:StaticMeshActor_UAID_089798DAA282964301_1873959316 Label:SM_Cube17 SpatiallyLoaded:1 Bounds:IsValid=true, Min=(X=1130.000 Y=1626.000 Z=206.000), Max=(X=1161.250 Y=1732.250 Z=281.000) RuntimeGrid:None EditorOnly:0 RuntimeOnly:0 HLODRelevant:1 FolderPath:Block01 FolderGuid:7D23E5AE4C2A421F86AF6986D87E6D05
 |   |   |- [+] [  6]
 |   |   |   |- Guid:F5E3FEB3450C49844FD93DA8E083C8AD BaseClass: NativeClass:/Script/Engine.PostProcessVolume Name:PostProcessVolume_0 Label:PostProcessVolume SpatiallyLoaded:0 Bounds:IsValid=true, Min=(X=0.000 Y=0.000 Z=400.000), Max=(X=200.000 Y=200.000 Z=600.000) RuntimeGrid:None EditorOnly:0 RuntimeOnly:0 HLODRelevant:0 FolderPath:Lighting FolderGuid:963EC3EB4002CCE9759E2EBA541A873A
 |   |   |- [+] [  7]
 |   |   |   |- Guid:E73E39994140315EB81324BF0A5D6400 BaseClass: NativeClass:/Script/Engine.StaticMeshActor Name:StaticMeshActor_10 Label:SM_ChamferCube2 SpatiallyLoaded:1 Bounds:IsValid=true, Min=(X=992.077 Y=2692.077 Z=0.013), Max=(X=1107.923 Y=2807.923 Z=100.013) RuntimeGrid:None EditorOnly:0 RuntimeOnly:0 HLODRelevant:0
 |   |   |- [+] [  8]
 |   |   |   |- Guid:D793CB67459FCD00286C5992ED5DF222 BaseClass: NativeClass:/Script/Engine.StaticMeshActor Name:StaticMeshActor_UAID_089798DAA2823D4401_1392135704 Label:Cube SpatiallyLoaded:1 Bounds:IsValid=true, Min=(X=1268.000 Y=1344.000 Z=411.000), Max=(X=1368.000 Y=1444.000 Z=511.000) RuntimeGrid:None EditorOnly:0 RuntimeOnly:0 HLODRelevant:1
 |   |   |- [+] [  9]
 |   |   |   |- Guid:5B97F4A64FB21F77EFC44386BF705B4C BaseClass: NativeClass:/Script/Engine.TextRenderActor Name:TextRenderActor_1 Label:TextRenderActor SpatiallyLoaded:1 Bounds:IsValid=true, Min=(X=-0.100 Y=1100.000 Z=65.013), Max=(X=-0.100 Y=2392.308 Z=215.013) RuntimeGrid:None EditorOnly:0 RuntimeOnly:0 HLODRelevant:0
 |   |   |- [+] [ 10]
 |   |   |   |- Guid:7A8E6DA3498CFE106A095A8B02A4F31A BaseClass: NativeClass:/Script/Engine.Actor Name:BP_HealBox_C_UAID_089798DAA282064301_1499792967 Label:BP_HealBox SpatiallyLoaded:1 Bounds:IsValid=true, Min=(X=160.000 Y=868.000 Z=10.000), Max=(X=384.000 Y=1092.000 Z=234.000) RuntimeGrid:None EditorOnly:0 RuntimeOnly:0 HLODRelevant:0
 |   |   |- [+] [ 11]
 |   |   |   |- Guid:D808B7D74E259E59914721A1829C819F BaseClass: NativeClass:/Script/Engine.Actor Name:BP_Door_C_UAID_089798DAA282F24201_1737464447 Label:BP_Door SpatiallyLoaded:1 Bounds:IsValid=true, Min=(X=1000.406 Y=1606.450 Z=0.000), Max=(X=1240.406 Y=1750.450 Z=213.000) RuntimeGrid:None EditorOnly:0 RuntimeOnly:0 HLODRelevant:0
 |   |   |- [+] [ 12]
 |   |   |   |- Guid:4D3BE93F4146AAAC8BBE79999D96D57F BaseClass: NativeClass:/Script/Engine.VolumetricCloud Name:VolumetricCloud_0 Label:VolumetricCloud SpatiallyLoaded:0 Bounds:IsValid=true, Min=(X=0.000 Y=0.000 Z=820.000), Max=(X=0.000 Y=0.000 Z=820.000) RuntimeGrid:None EditorOnly:0 RuntimeOnly:0 HLODRelevant:0 FolderPath:Lighting FolderGuid:963EC3EB4002CCE9759E2EBA541A873A
 |   |   |- [+] [ 13]
 |   |   |   |- Guid:DBC730174A7F51D9E14433AEF0C30A39 BaseClass: NativeClass:/Script/Engine.StaticMeshActor Name:StaticMeshActor_24 Label:SM_Cube13 SpatiallyLoaded:1 Bounds:IsValid=true, Min=(X=300.000 Y=2700.000 Z=0.000), Max=(X=400.000 Y=2800.000 Z=200.000) RuntimeGrid:None EditorOnly:0 RuntimeOnly:0 HLODRelevant:1 FolderPath:Block03 FolderGuid:7B7009C345D3D6DD94D3429E1D79C034
 |   |   |- [+] [ 14]
 |   |   |   |- Guid:5307A816422FAFAF14A75793F1D51666 BaseClass: NativeClass:/Script/Engine.Actor Name:BP_ItemHatchet_C_UAID_089798DAA282354501_1096432351 Label:BP_ItemHatchet SpatiallyLoaded:1 Bounds:IsValid=true, Min=(X=2553.125 Y=2426.125 Z=-90.875), Max=(X=2752.875 Y=2625.875 Z=108.875) RuntimeGrid:None EditorOnly:0 RuntimeOnly:0 HLODRelevant:0
 |   |   |- [+] [ 15]
 |   |   |   |- Guid:1A789DC8415097E9856E5DB60740F01D BaseClass: NativeClass:/Script/Engine.StaticMeshActor Name:StaticMeshActor_34 Label:SM_QuarterCylinder13 SpatiallyLoaded:1 Bounds:IsValid=true, Min=(X=2000.000 Y=500.000 Z=0.000), Max=(X=2200.000 Y=700.000 Z=475.000) RuntimeGrid:None EditorOnly:0 RuntimeOnly:0 HLODRelevant:1 FolderPath:Cylinder FolderGuid:D075E5BA49330D3EC2503D81A7CF88D1
 |   |   |- [+] [ 16]
 |   |   |   |- Guid:AB74120142217676C6EC818E6B49412B BaseClass: NativeClass:/Script/Engine.StaticMeshActor Name:StaticMeshActor_15 Label:SM_Cube10 SpatiallyLoaded:1 Bounds:IsValid=true, Min=(X=1800.000 Y=2001.000 Z=100.000), Max=(X=2000.000 Y=2101.000 Z=200.000) RuntimeGrid:None EditorOnly:0 RuntimeOnly:0 HLODRelevant:1 FolderPath:Block01 FolderGuid:7D23E5AE4C2A421F86AF6986D87E6D05
 |   |   |- [+] [ 17]
 |   |   |   |- Guid:CCFF262C46EEFFDF319E7F9539CE697E BaseClass: NativeClass:/Script/Engine.SkyAtmosphere Name:SkyAtmosphere_0 Label:SkyAtmosphere SpatiallyLoaded:0 Bounds:IsValid=true, Min=(X=0.000 Y=0.000 Z=1020.000), Max=(X=0.000 Y=0.000 Z=1020.000) RuntimeGrid:None EditorOnly:0 RuntimeOnly:0 HLODRelevant:0 FolderPath:Lighting FolderGuid:963EC3EB4002CCE9759E2EBA541A873A
 |   |   |- [+] [ 18]
 |   |   |   |- Guid:EC4E0C944CE6AC6E784BC6BB2916EA13 BaseClass: NativeClass:/Script/Engine.StaticMeshActor Name:StaticMeshActor_UAID_A4AE111137DC5EFB00_1110535423 Label:SM_SkySphere SpatiallyLoaded:1 Bounds:IsValid=true, Min=(X=-1638400.000 Y=-1638400.000 Z=-1638400.000), Max=(X=1638400.000 Y=1638400.000 Z=1638400.000) RuntimeGrid:None EditorOnly:0 RuntimeOnly:0 HLODRelevant:1 FolderPath:Lighting FolderGuid:963EC3EB4002CCE9759E2EBA541A873A
 |   |   |- [+] [ 19]
 |   |   |   |- Guid:A59F7D5A4BA068B085D4C48D0EE2CD6E BaseClass: NativeClass:/Script/Engine.StaticMeshActor Name:StaticMeshActor_UAID_089798DAA282754601_2100094672 Label:SM_Cube20 SpatiallyLoaded:1 Bounds:IsValid=true, Min=(X=1957.000 Y=3400.000 Z=0.000), Max=(X=3732.000 Y=3500.000 Z=400.000) RuntimeGrid:None EditorOnly:0 RuntimeOnly:0 HLODRelevant:1 FolderPath:Playground FolderGuid:C73F09FC4215536B1DCE2A9E0A830C70
 |   |   |- [+] [ 20]
 |   |   |   |- Guid:C15C2C8D4EA4ADE0BD1349AFD814988B BaseClass: NativeClass:/Script/Engine.StaticMeshActor Name:StaticMeshActor_14 Label:SM_Ramp3 SpatiallyLoaded:1 Bounds:IsValid=true, Min=(X=1800.000 Y=1600.000 Z=100.000), Max=(X=2000.000 Y=2100.000 Z=287.500) RuntimeGrid:None EditorOnly:0 RuntimeOnly:0 HLODRelevant:1 FolderPath:Block01 FolderGuid:7D23E5AE4C2A421F86AF6986D87E6D05
 |   |   |- [+] [ 21]
 |   |   |   |- Guid:9BFF363746062F457E2F92A4631DBA20 BaseClass: NativeClass:/Script/Engine.StaticMeshActor Name:StaticMeshActor_11 Label:SM_ChamferCube3 SpatiallyLoaded:1 Bounds:IsValid=true, Min=(X=481.699 Y=2271.699 Z=0.013), Max=(X=618.301 Y=2408.301 Z=100.013) RuntimeGrid:None EditorOnly:0 RuntimeOnly:0 HLODRelevant:0
 |   |   |- [+] [ 22]
 |   |   |   |- Guid:43815E84492231AFC407F59E3C28176B BaseClass: NativeClass:/Script/Engine.StaticMeshActor Name:StaticMeshActor_4 Label:SM_Cube6 SpatiallyLoaded:1 Bounds:IsValid=true, Min=(X=3650.000 Y=100.000 Z=0.000), Max=(X=3750.000 Y=4843.750 Z=400.000) RuntimeGrid:None EditorOnly:0 RuntimeOnly:0 HLODRelevant:1 FolderPath:Playground FolderGuid:C73F09FC4215536B1DCE2A9E0A830C70
 |   |   |- [+] [ 23]
 |   |   |   |- Guid:950F6BE049053AB5E3B46AA05828544E BaseClass: NativeClass:/Script/Engine.Actor Name:BP_ItemHpPotion_C_UAID_089798DAA282464501_1604745345 Label:BP_ItemHpPotion4 SpatiallyLoaded:1 Bounds:IsValid=true, Min=(X=3089.163 Y=2803.163 Z=-202.837), Max=(X=3288.837 Y=3258.837 Z=252.837) RuntimeGrid:None EditorOnly:0 RuntimeOnly:0 HLODRelevant:0
 |   |   |- [+] [ 24]
 |   |   |   |- Guid:B0970AD040D5D6B8C621DB917CD65735 BaseClass: NativeClass:/Script/Engine.Actor Name:BP_HitActor_C_UAID_089798DAA2823B4401_1198074351 Label:BP_HitActor SpatiallyLoaded:1 Bounds:IsValid=true, Min=(X=3142.870 Y=1565.000 Z=-28.841), Max=(X=3402.000 Y=1860.500 Z=229.551) RuntimeGrid:None EditorOnly:0 RuntimeOnly:0 HLODRelevant:0
 |   |   |- [+] [ 25]
 |   |   |   |- Guid:7587444F4FB13B9B9CD114BBE7885340 BaseClass: NativeClass:/Script/Engine.StaticMeshActor Name:StaticMeshActor_19 Label:SM_QuarterCylinder2 SpatiallyLoaded:1 Bounds:IsValid=true, Min=(X=2500.000 Y=2600.000 Z=0.000), Max=(X=2600.000 Y=2700.000 Z=200.000) RuntimeGrid:None EditorOnly:0 RuntimeOnly:0 HLODRelevant:1 FolderPath:Block02 FolderGuid:EBA23F8248252949750E43911A3A1CDD
 |   |   |- [+] [ 26]
 |   |   |   |- Guid:B785ED2844B84CFB91E7F39FE661CD99 BaseClass: NativeClass:/Script/Engine.DirectionalLight Name:DirectionalLight_0 Label:DirectionalLight SpatiallyLoaded:0 Bounds:IsValid=true, Min=(X=-1048576.000 Y=-1048576.000 Z=-1048576.000), Max=(X=1048576.000 Y=1048576.000 Z=1048576.000) RuntimeGrid:None EditorOnly:0 RuntimeOnly:0 HLODRelevant:0 FolderPath:Lighting FolderGuid:963EC3EB4002CCE9759E2EBA541A873A
 |   |   |- [+] [ 27]
 |   |   |   |- Guid:B31FFEC8413F27F173F182A30A4FA19D BaseClass: NativeClass:/Script/Engine.Actor Name:BP_HatPickUp_C_UAID_089798DAA282F54201_2107201976 Label:BP_HatPickUp SpatiallyLoaded:1 Bounds:IsValid=true, Min=(X=856.000 Y=979.000 Z=24.000), Max=(X=1056.000 Y=1179.000 Z=224.000) RuntimeGrid:None EditorOnly:0 RuntimeOnly:0 HLODRelevant:0
 |   |   |- [+] [ 28]
 |   |   |   |- Guid:3C2E605D4038DD7AD7389EA231BEFBB9 BaseClass: NativeClass:/Script/Engine.Actor Name:BP_FlyingCube_C_UAID_089798DAA282584701_2147276627 Label:BP_FlyingCube6 SpatiallyLoaded:1 Bounds:IsValid=true, Min=(X=1793.000 Y=643.000 Z=273.000), Max=(X=1985.000 Y=835.000 Z=465.000) RuntimeGrid:None EditorOnly:0 RuntimeOnly:0 HLODRelevant:0
 |   |   |- [+] [ 29]
 |   |   |   |- Guid:1B9598344A1F20E1A5125DA8A7E9FC0F BaseClass: NativeClass:/Script/Engine.StaticMeshActor Name:StaticMeshActor_22 Label:SM_QuarterCylinder4 SpatiallyLoaded:1 Bounds:IsValid=true, Min=(X=300.000 Y=2600.000 Z=0.000), Max=(X=400.000 Y=2700.000 Z=200.000) RuntimeGrid:None EditorOnly:0 RuntimeOnly:0 HLODRelevant:1 FolderPath:Block03 FolderGuid:7B7009C345D3D6DD94D3429E1D79C034
 |   |   |- [+] [ 30]
 |   |   |   |- Guid:5E4DB4154690C8B4EB14EAA9E92FAAFF BaseClass: NativeClass:/Script/Engine.StaticMeshActor Name:StaticMeshActor_33 Label:SM_QuarterCylinder12 SpatiallyLoaded:1 Bounds:IsValid=true, Min=(X=2001.000 Y=700.000 Z=0.000), Max=(X=2201.000 Y=900.000 Z=475.000) RuntimeGrid:None EditorOnly:0 RuntimeOnly:0 HLODRelevant:1 FolderPath:Cylinder FolderGuid:D075E5BA49330D3EC2503D81A7CF88D1
 |   |   |- [+] [ 31]
 |   |   |   |- Guid:7C172A0740B33B6D38EEF38A63E0B945 BaseClass: NativeClass:/Script/Engine.StaticMeshActor Name:StaticMeshActor_3 Label:SM_Ramp SpatiallyLoaded:1 Bounds:IsValid=true, Min=(X=1300.000 Y=600.000 Z=0.000), Max=(X=1700.000 Y=800.000 Z=30.000) RuntimeGrid:None EditorOnly:0 RuntimeOnly:0 HLODRelevant:1
 |   |   |- [+] [ 32]
 |   |   |   |- Guid:316CF2A6494ACA4C0E4180A87D36AB8F BaseClass: NativeClass:/Script/Engine.ExponentialHeightFog Name:ExponentialHeightFog_0 Label:ExponentialHeightFog SpatiallyLoaded:0 Bounds:IsValid=true, Min=(X=-5600.000 Y=-50.000 Z=-6850.000), Max=(X=-5600.000 Y=-50.000 Z=-6850.000) RuntimeGrid:None EditorOnly:0 RuntimeOnly:0 HLODRelevant:0 FolderPath:Lighting FolderGuid:963EC3EB4002CCE9759E2EBA541A873A
 |   |   |- [+] [ 33]
 |   |   |   |- Guid:DE3A079B4635A6D8D620CCBC6C0BB1C0 BaseClass: NativeClass:/Script/Engine.StaticMeshActor Name:StaticMeshActor_35 Label:SM_QuarterCylinder14 SpatiallyLoaded:1 Bounds:IsValid=true, Min=(X=2200.000 Y=500.000 Z=0.000), Max=(X=2400.000 Y=700.000 Z=475.000) RuntimeGrid:None EditorOnly:0 RuntimeOnly:0 HLODRelevant:1 FolderPath:Cylinder FolderGuid:D075E5BA49330D3EC2503D81A7CF88D1
 |   |   |- [+] [ 34]
 |   |   |   |- Guid:79C9B0C246824948C2428ABA13657451 BaseClass: NativeClass:/Script/Engine.StaticMeshActor Name:StaticMeshActor_25 Label:SM_QuarterCylinder6 SpatiallyLoaded:1 Bounds:IsValid=true, Min=(X=1200.000 Y=2238.000 Z=0.000), Max=(X=1300.000 Y=2338.000 Z=287.500) RuntimeGrid:None EditorOnly:0 RuntimeOnly:0 HLODRelevant:1 FolderPath:Block01 FolderGuid:7D23E5AE4C2A421F86AF6986D87E6D05
 |   |   |- [+] [ 35]
 |   |   |   |- Guid:F1924B8D48954B30891B2DB6A694F9CC BaseClass: NativeClass:/Script/Engine.StaticMeshActor Name:StaticMeshActor_1 Label:SM_Cube SpatiallyLoaded:1 Bounds:IsValid=true, Min=(X=0.000 Y=0.000 Z=-50.000), Max=(X=3750.000 Y=4850.000 Z=0.000) RuntimeGrid:None EditorOnly:0 RuntimeOnly:0 HLODRelevant:1 FolderPath:Playground FolderGuid:C73F09FC4215536B1DCE2A9E0A830C70
 |   |   |- [+] [ 36]
 |   |   |   |- Guid:B281947940010A97C298E5AC0B340F12 BaseClass: NativeClass:/Script/Engine.Actor Name:BP_FlyingCube_C_UAID_089798DAA282F04301_1997884152 Label:BP_FlyingCube SpatiallyLoaded:1 Bounds:IsValid=true, Min=(X=1249.765 Y=1347.000 Z=173.649), Max=(X=1472.188 Y=1539.000 Z=396.072) RuntimeGrid:None EditorOnly:0 RuntimeOnly:0 HLODRelevant:0
 |   |   |- [+] [ 37]
 |   |   |   |- Guid:FBA3B77342CA3292241A2298A4AD2070 BaseClass: NativeClass:/Script/Engine.Actor Name:BP_ItemHpPotion_C_UAID_089798DAA282354501_1334800352 Label:BP_ItemHpPotion SpatiallyLoaded:1 Bounds:IsValid=true, Min=(X=2777.163 Y=2284.163 Z=-202.837), Max=(X=2976.837 Y=2739.837 Z=252.837) RuntimeGrid:None EditorOnly:0 RuntimeOnly:0 HLODRelevant:0
 |   |   |- [+] [ 38]
 |   |   |   |- Guid:24327B0B432CFBBA5A8136BA101F670F BaseClass: NativeClass:/Script/Engine.Character Name:B_MyCharacter_C_UAID_089798DAA2821A4801_1510666767 Label:B_MyCharacter SpatiallyLoaded:1 Bounds:IsValid=true, Min=(X=240.870 Y=335.721 Z=46.225), Max=(X=394.934 Y=561.398 Z=237.281) RuntimeGrid:None EditorOnly:0 RuntimeOnly:0 HLODRelevant:0
 |   |   |- [+] [ 39]
 |   |   |   |- Guid:69A88A064F8A964C393C168472DA88FD BaseClass: NativeClass:/Script/Engine.Actor Name:BP_SoccerGoal_C_UAID_089798DAA282164301_1489002784 Label:BP_SoccerGoal SpatiallyLoaded:1 Bounds:IsValid=true, Min=(X=3053.573 Y=226.437 Z=-11.220), Max=(X=3450.427 Y=444.786 Z=226.562) RuntimeGrid:None EditorOnly:0 RuntimeOnly:0 HLODRelevant:0
 |   |   |   |- Guid:663AC4864B1D4F4E173BF48E119255FC BaseClass: NativeClass:/Script/Engine.Actor Name:BP_SoccerBall_C_UAID_089798DAA282A64301_2075226129 Label:BP_SoccerBall SpatiallyLoaded:1 Bounds:IsValid=true, Min=(X=3211.235 Y=608.326 Z=189.244), Max=(X=3288.765 Y=685.674 Z=266.756) RuntimeGrid:None EditorOnly:0 RuntimeOnly:0 HLODRelevant:0
 |   |   |- [+] [ 40]
 |   |   |   |- Guid:EDAA34A64E50B17535C2EB826C12557D BaseClass: NativeClass:/Script/Engine.StaticMeshActor Name:StaticMeshActor_9 Label:SM_Ramp2 SpatiallyLoaded:1 Bounds:IsValid=true, Min=(X=1400.000 Y=1401.000 Z=0.000), Max=(X=1800.000 Y=1601.000 Z=100.000) RuntimeGrid:None EditorOnly:0 RuntimeOnly:0 HLODRelevant:1 FolderPath:Block01 FolderGuid:7D23E5AE4C2A421F86AF6986D87E6D05
 |   |   |- [+] [ 41]
 |   |   |   |- Guid:21D06F3E450855B4D49A83B74885A561 BaseClass: NativeClass:/Script/Engine.Actor Name:BP_FlyingCube_C_UAID_089798DAA282584701_2126163623 Label:BP_FlyingCube2 SpatiallyLoaded:1 Bounds:IsValid=true, Min=(X=1279.000 Y=1112.000 Z=190.000), Max=(X=1471.000 Y=1304.000 Z=382.000) RuntimeGrid:None EditorOnly:0 RuntimeOnly:0 HLODRelevant:0
 |   |   |- [+] [ 42]
 |   |   |   |- Guid:C81E660443F31EEE1E857FBF0F701AD9 BaseClass: NativeClass:/Script/Engine.Actor Name:BP_DamageBox_C_UAID_089798DAA282F74201_1697865329 Label:BP_DamageBox SpatiallyLoaded:1 Bounds:IsValid=true, Min=(X=3260.000 Y=2281.000 Z=-75.000), Max=(X=3436.000 Y=2457.000 Z=101.000) RuntimeGrid:None EditorOnly:0 RuntimeOnly:0 HLODRelevant:0
 |   |   |- [+] [ 43]
 |   |   |   |- Guid:2FB58999456391D349DC0F86DAC136ED BaseClass: NativeClass:/Script/Engine.SkyLight Name:SkyLight_1 Label:SkyLight SpatiallyLoaded:0 Bounds:IsValid=true, Min=(X=0.000 Y=0.000 Z=690.000), Max=(X=0.000 Y=0.000 Z=690.000) RuntimeGrid:None EditorOnly:0 RuntimeOnly:0 HLODRelevant:0 FolderPath:Lighting FolderGuid:963EC3EB4002CCE9759E2EBA541A873A
 |   |   |- [+] [ 44]
 |   |   |   |- Guid:1C0F85FF4DA270EEF24999BADF00DBEC BaseClass: NativeClass:/Script/Engine.StaticMeshActor Name:StaticMeshActor_UAID_089798DAA282754601_2083388671 Label:SM_Cube19 SpatiallyLoaded:1 Bounds:IsValid=true, Min=(X=1.000 Y=4749.000 Z=0.000), Max=(X=3751.000 Y=4849.000 Z=400.000) RuntimeGrid:None EditorOnly:0 RuntimeOnly:0 HLODRelevant:1 FolderPath:Playground FolderGuid:C73F09FC4215536B1DCE2A9E0A830C70
 |   |   |- [+] [ 45]
 |   |   |   |- Guid:9765ECF54858C165188C95B28D88016B BaseClass: NativeClass:/Script/Engine.StaticMeshActor Name:StaticMeshActor_12 Label:SM_Cube8 SpatiallyLoaded:1 Bounds:IsValid=true, Min=(X=1300.000 Y=2600.000 Z=0.000), Max=(X=2500.000 Y=2900.000 Z=200.000) RuntimeGrid:None EditorOnly:0 RuntimeOnly:0 HLODRelevant:1 FolderPath:Block02 FolderGuid:EBA23F8248252949750E43911A3A1CDD
 |   |   |- [+] [ 46]
 |   |   |   |- Guid:961864A84FF6F65B68F2A3BE5819D538 BaseClass: NativeClass:/Script/Engine.StaticMeshActor Name:StaticMeshActor_8 Label:SM_Cube4 SpatiallyLoaded:1 Bounds:IsValid=true, Min=(X=1125.000 Y=1726.000 Z=0.000), Max=(X=1156.250 Y=2226.000 Z=287.500) RuntimeGrid:None EditorOnly:0 RuntimeOnly:0 HLODRelevant:1 FolderPath:Block01 FolderGuid:7D23E5AE4C2A421F86AF6986D87E6D05
 |   |   |- [+] [ 47]
 |   |   |   |- Guid:E864EE5542C27D6674BEBB9312F02BB4 BaseClass: NativeClass:/Script/Engine.StaticMeshActor Name:StaticMeshActor_23 Label:SM_QuarterCylinder5 SpatiallyLoaded:1 Bounds:IsValid=true, Min=(X=300.000 Y=2800.000 Z=0.000), Max=(X=400.000 Y=2900.000 Z=200.000) RuntimeGrid:None EditorOnly:0 RuntimeOnly:0 HLODRelevant:1 FolderPath:Block03 FolderGuid:7B7009C345D3D6DD94D3429E1D79C034
 |   |   |- [+] [ 48]
 |   |   |   |- Guid:60E8112C41216C16999D05AC401CE6CA BaseClass: NativeClass:/Script/Engine.Actor Name:BP_ItemBook_C_UAID_089798DAA282344501_1338328175 Label:BP_ItemBook SpatiallyLoaded:1 Bounds:IsValid=true, Min=(X=2220.600 Y=2285.600 Z=-68.400), Max=(X=2421.400 Y=2486.400 Z=132.400) RuntimeGrid:None EditorOnly:0 RuntimeOnly:0 HLODRelevant:0
 |   |   |- [+] [ 49]
 |   |   |   |- Guid:11469D9F4CCC7A2516D35E9DB942ECD0 BaseClass: NativeClass:/Script/Engine.Actor Name:BP_FlyingCube_C_UAID_089798DAA282584701_2142443625 Label:BP_FlyingCube4 SpatiallyLoaded:1 Bounds:IsValid=true, Min=(X=1281.000 Y=641.000 Z=190.000), Max=(X=1473.000 Y=833.000 Z=382.000) RuntimeGrid:None EditorOnly:0 RuntimeOnly:0 HLODRelevant:0
 |   |   |- [+] [ 50]
 |   |   |   |- Guid:A56216954B2165CF0F35A886B537D536 BaseClass: NativeClass:/Script/Engine.StaticMeshActor Name:StaticMeshActor_0 Label:SM_Cube5 SpatiallyLoaded:1 Bounds:IsValid=true, Min=(X=-0.000 Y=100.000 Z=0.000), Max=(X=100.000 Y=4850.000 Z=400.000) RuntimeGrid:None EditorOnly:0 RuntimeOnly:0 HLODRelevant:1 FolderPath:Playground FolderGuid:C73F09FC4215536B1DCE2A9E0A830C70
 |   |   |- [+] [ 51]
 |   |   |   |- Guid:81D068B0470C8349376AF8A0C7ED2FFF BaseClass: NativeClass:/Script/Engine.StaticMeshActor Name:StaticMeshActor_UAID_089798DAA282964301_1803941313 Label:SM_Cube14 SpatiallyLoaded:1 Bounds:IsValid=true, Min=(X=1766.000 Y=1602.000 Z=0.000), Max=(X=1797.250 Y=2245.750 Z=287.500) RuntimeGrid:None EditorOnly:0 RuntimeOnly:0 HLODRelevant:1 FolderPath:Block01 FolderGuid:7D23E5AE4C2A421F86AF6986D87E6D05
 |   |   |- [+] [ 52]
 |   |   |   |- Guid:FFFEAC9947891E479E2B55B743933FBF BaseClass: NativeClass:/Script/Engine.Actor Name:BP_ItemHpPotion_C_UAID_089798DAA282464501_1601953343 Label:BP_ItemHpPotion2 SpatiallyLoaded:1 Bounds:IsValid=true, Min=(X=2778.163 Y=2670.163 Z=-202.837), Max=(X=2977.837 Y=3125.837 Z=252.837) RuntimeGrid:None EditorOnly:0 RuntimeOnly:0 HLODRelevant:0
 |   |   |- [+] [ 53]
 |   |   |   |- Guid:8D16D1EC45FF79B0ABDB69981AFE94D9 BaseClass: NativeClass:/Script/Engine.Actor Name:BP_FlyingCube_C_UAID_089798DAA282584701_2144619626 Label:BP_FlyingCube5 SpatiallyLoaded:1 Bounds:IsValid=true, Min=(X=1537.000 Y=642.000 Z=230.000), Max=(X=1729.000 Y=834.000 Z=422.000) RuntimeGrid:None EditorOnly:0 RuntimeOnly:0 HLODRelevant:0
 |   |   |- [+] [ 54]
 |   |   |   |- Guid:08F9DC56444CFFF3F13B379E81EF05BC BaseClass: NativeClass:/Script/Engine.StaticMeshActor Name:StaticMeshActor_16 Label:SM_Cube11 SpatiallyLoaded:1 Bounds:IsValid=true, Min=(X=400.000 Y=2600.000 Z=0.000), Max=(X=700.000 Y=2900.000 Z=200.000) RuntimeGrid:None EditorOnly:0 RuntimeOnly:0 HLODRelevant:1 FolderPath:Block03 FolderGuid:7B7009C345D3D6DD94D3429E1D79C034
 |   |   |- [+] [ 55]
 |   |   |   |- Guid:94F6D9A645798F5BAD0B58BEED8F27F5 BaseClass: NativeClass:/Script/Engine.StaticMeshActor Name:StaticMeshActor_32 Label:SM_QuarterCylinder11 SpatiallyLoaded:1 Bounds:IsValid=true, Min=(X=2201.000 Y=700.000 Z=-0.000), Max=(X=2401.000 Y=900.000 Z=475.000) RuntimeGrid:None EditorOnly:0 RuntimeOnly:0 HLODRelevant:1 FolderPath:Cylinder FolderGuid:D075E5BA49330D3EC2503D81A7CF88D1
 |   |   |- [+] [ 56]
 |   |   |   |- Guid:0A733B864C327F0B589EC8BBDD0265BC BaseClass: NativeClass:/Script/Engine.StaticMeshActor Name:StaticMeshActor_13 Label:SM_Cube9 SpatiallyLoaded:1 Bounds:IsValid=true, Min=(X=1800.000 Y=1401.000 Z=0.000), Max=(X=2000.000 Y=2101.000 Z=100.000) RuntimeGrid:None EditorOnly:0 RuntimeOnly:0 HLODRelevant:1 FolderPath:Block01 FolderGuid:7D23E5AE4C2A421F86AF6986D87E6D05
 |   |   |- [+] [ 57]
 |   |   |   |- Guid:F703AD214DE20FBE9DA411817BF79E0A BaseClass: NativeClass:/Script/Engine.StaticMeshActor Name:StaticMeshActor_21 Label:SM_QuarterCylinder3 SpatiallyLoaded:1 Bounds:IsValid=true, Min=(X=1500.000 Y=2238.000 Z=0.000), Max=(X=1600.000 Y=2338.000 Z=287.500) RuntimeGrid:None EditorOnly:0 RuntimeOnly:0 HLODRelevant:1 FolderPath:Block01 FolderGuid:7D23E5AE4C2A421F86AF6986D87E6D05
 |   |   |- [+] [ 58]
 |   |   |   |- Guid:44D9547840AC1E6B8FDF15A60F444A4C BaseClass: NativeClass:/Script/Engine.StaticMeshActor Name:StaticMeshActor_UAID_089798DAA282964301_1823847315 Label:SM_Cube16 SpatiallyLoaded:1 Bounds:IsValid=true, Min=(X=1124.250 Y=2214.000 Z=0.000), Max=(X=1768.000 Y=2245.250 Z=287.500) RuntimeGrid:None EditorOnly:0 RuntimeOnly:0 HLODRelevant:1 FolderPath:Block01 FolderGuid:7D23E5AE4C2A421F86AF6986D87E6D05
 |   |   |- [+] [ 59]
 |   |   |   |- Guid:B51DBF80439CD643524C5D863A721307 BaseClass: NativeClass:/Script/Engine.Actor Name:BP_FlyingCube_C_UAID_089798DAA282584701_2138961624 Label:BP_FlyingCube3 SpatiallyLoaded:1 Bounds:IsValid=true, Min=(X=1280.000 Y=873.000 Z=190.000), Max=(X=1472.000 Y=1065.000 Z=382.000) RuntimeGrid:None EditorOnly:0 RuntimeOnly:0 HLODRelevant:0
 |   |   |- [+] [ 60]
 |   |   |   |- Guid:8487884846F54E024615B1BD9FAC26C2 BaseClass: NativeClass:/Script/Engine.StaticMeshActor Name:StaticMeshActor_UAID_089798DAA282964301_1917291317 Label:SM_Cube18 SpatiallyLoaded:1 Bounds:IsValid=true, Min=(X=1124.250 Y=1604.000 Z=262.750), Max=(X=1768.000 Y=2247.750 Z=294.000) RuntimeGrid:None EditorOnly:0 RuntimeOnly:0 HLODRelevant:1 FolderPath:Block01 FolderGuid:7D23E5AE4C2A421F86AF6986D87E6D05
 |   |   |- [+] [ 61]
 |   |   |   |- Guid:BC08B79C4EA3C961CFF75EBBE83B367D BaseClass: NativeClass:/Script/Engine.StaticMeshActor Name:StaticMeshActor_5 Label:SM_Cube2 SpatiallyLoaded:1 Bounds:IsValid=true, Min=(X=0.000 Y=0.000 Z=0.000), Max=(X=3750.000 Y=100.000 Z=400.000) RuntimeGrid:None EditorOnly:0 RuntimeOnly:0 HLODRelevant:1 FolderPath:Playground FolderGuid:C73F09FC4215536B1DCE2A9E0A830C70
 |   |   |- [+] [ 62]
 |   |   |   |- Guid:26B8C3BE41021A3F42B61FA534F9181E BaseClass: NativeClass:/Script/Engine.StaticMeshActor Name:StaticMeshActor_20 Label:SM_Cube12 SpatiallyLoaded:1 Bounds:IsValid=true, Min=(X=2500.000 Y=2700.000 Z=0.000), Max=(X=2600.000 Y=2800.000 Z=200.000) RuntimeGrid:None EditorOnly:0 RuntimeOnly:0 HLODRelevant:1 FolderPath:Block02 FolderGuid:EBA23F8248252949750E43911A3A1CDD
 |   |   |- [+] [ 63]
 |   |   |   |- Guid:C099086048C15396A78528AA377DD270 BaseClass: NativeClass:/Script/Engine.Actor Name:BP_OpenDorWAll_C_UAID_089798DAA282764601_1728038848 Label:BP_OpenDorWAll SpatiallyLoaded:1 Bounds:IsValid=true, Min=(X=1742.946 Y=3408.532 Z=-12.035), Max=(X=1967.196 Y=3488.782 Z=445.277) RuntimeGrid:None EditorOnly:0 RuntimeOnly:0 HLODRelevant:0
 |   |   |- [+] [ 64]
 |   |   |   |- Guid:6248C65E443E418D012B0DBBC40C7635 BaseClass: NativeClass:/Script/Engine.Actor Name:BP_HitActor_C_UAID_089798DAA2822E4501_1908775119 Label:BP_HitActor2 SpatiallyLoaded:1 Bounds:IsValid=true, Min=(X=2663.870 Y=1566.000 Z=-28.841), Max=(X=2923.000 Y=1861.500 Z=229.551) RuntimeGrid:None EditorOnly:0 RuntimeOnly:0 HLODRelevant:0
 |   |   |- [+] [ 65]
 |   |   |   |- Guid:FF698C67459ADB4982D7759C0905EE9F BaseClass: NativeClass:/Script/Engine.StaticMeshActor Name:StaticMeshActor_6 Label:SM_Cube3 SpatiallyLoaded:1 Bounds:IsValid=true, Min=(X=-17.000 Y=3400.000 Z=0.000), Max=(X=1758.000 Y=3500.000 Z=400.000) RuntimeGrid:None EditorOnly:0 RuntimeOnly:0 HLODRelevant:1 FolderPath:Playground FolderGuid:C73F09FC4215536B1DCE2A9E0A830C70
 |   |   |- [+] [ 66]
 |   |   |   |- Guid:6700F8264B220059AB2F558A60723FD0 BaseClass: NativeClass:/Script/Engine.Actor Name:BP_HatPickUp_C_UAID_089798DAA2822F4501_1215229296 Label:BP_HatPickUp2 SpatiallyLoaded:1 Bounds:IsValid=true, Min=(X=2661.000 Y=2050.000 Z=-16.000), Max=(X=2861.000 Y=2250.000 Z=184.000) RuntimeGrid:None EditorOnly:0 RuntimeOnly:0 HLODRelevant:0
 |   |   |- [+] [ 67]
 |   |   |   |- Guid:F4AAA1CA4D204EB96E54F5BD1EB46A62 BaseClass: NativeClass:/Script/Engine.StaticMeshActor Name:StaticMeshActor_7 Label:SM_Cube7 SpatiallyLoaded:1 Bounds:IsValid=true, Min=(X=1300.000 Y=2238.000 Z=0.000), Max=(X=1500.000 Y=2338.000 Z=287.500) RuntimeGrid:None EditorOnly:0 RuntimeOnly:0 HLODRelevant:1 FolderPath:Block01 FolderGuid:7D23E5AE4C2A421F86AF6986D87E6D05
 |   |   |- [+] [ 68]
 |   |   |   |- Guid:3A00AA1C422CE54C0BDB60BAF471BFBB BaseClass: NativeClass:/Script/Engine.PlayerStart Name:PlayerStart_0 Label:PlayerStart SpatiallyLoaded:0 Bounds:IsValid=true, Min=(X=1648.731 Y=2750.731 Z=312.013), Max=(X=1751.269 Y=2853.269 Z=496.013) RuntimeGrid:None EditorOnly:0 RuntimeOnly:0 HLODRelevant:0
 |   |   |- [+] [ 69]
 |   |   |   |- Guid:745A095B4BA4E157E4537FA63F5B7B43 BaseClass: NativeClass:/Script/Engine.StaticMeshActor Name:StaticMeshActor_2 Label:SM_ChamferCube SpatiallyLoaded:1 Bounds:IsValid=true, Min=(X=958.000 Y=2000.000 Z=0.013), Max=(X=1058.000 Y=2100.000 Z=100.013) RuntimeGrid:None EditorOnly:0 RuntimeOnly:0 HLODRelevant:0
 |- ContainerInstances:
 |- [+] MainContainer:
 |   |-        ID: 0x0000000000000000
 |   |-    Bounds: IsValid=false, Min=(X=0.000 Y=0.000 Z=0.000), Max=(X=0.000 Y=0.000 Z=0.000)
 |   |- Transform: 0.000000,0.000000,0.000000|0.000000,0.000000,-0.000000|1.000000,1.000000,1.000000
 |   |- Container: /Game/ThirdPerson/Maps/ThirdPersonMap
----------------------------------------------------------------------------------------------------------------
ThirdPersonMap - Persistent Level
----------------------------------------------------------------------------------------------------------------
Always loaded Actor Count: 78 

----------------------------------------------------------------------------------------------------------------
ThirdPersonMap - Runtime Spatial Hash - Streaming Grid - MainGrid
----------------------------------------------------------------------------------------------------------------
            Origin: X=0.000 Y=0.000 Z=0.000
         Cell Size: 12800
      World Bounds: IsValid=false, Min=(X=0.000 Y=0.000 Z=0.000), Max=(X=0.000 Y=0.000 Z=0.000)
     Loading Range: 25600.00
Block Slow Loading: No
 ClientOnlyVisible: No

[+] Grid Levels: 1
 |- Level  0: Cell Count    0 | Cell Size   12800 | Actor Count    0 (0.0%)

[+] Content of Grid Level 0

